{"/home/davi/JavaScript/exercises/operations/divide.js": {"path":"/home/davi/JavaScript/exercises/operations/divide.js","statementMap":{"0":{"start":{"line":2,"column":4},"end":{"line":2,"column":16}},"1":{"start":{"line":5,"column":0},"end":{"line":5,"column":23}}},"fnMap":{"0":{"name":"divide","decl":{"start":{"line":1,"column":9},"end":{"line":1,"column":15}},"loc":{"start":{"line":1,"column":26},"end":{"line":3,"column":1}},"line":1}},"branchMap":{"0":{"loc":{"start":{"line":1,"column":19},"end":{"line":1,"column":24}},"type":"default-arg","locations":[{"start":{"line":1,"column":23},"end":{"line":1,"column":24}}],"line":1}},"s":{"0":1,"1":1},"f":{"0":1},"b":{"0":[0]},"_coverageSchema":"1a1c01bbd47fc00a2c39e90264f33305004495a9","hash":"996b9faa1c2e999f6bfce20d482b1909c70b6ebb"}
,"/home/davi/JavaScript/exercises/operations/mod.js": {"path":"/home/davi/JavaScript/exercises/operations/mod.js","statementMap":{"0":{"start":{"line":2,"column":4},"end":{"line":2,"column":14}},"1":{"start":{"line":5,"column":0},"end":{"line":5,"column":20}}},"fnMap":{"0":{"name":"mod","decl":{"start":{"line":1,"column":9},"end":{"line":1,"column":12}},"loc":{"start":{"line":1,"column":22},"end":{"line":3,"column":1}},"line":1}},"branchMap":{"0":{"loc":{"start":{"line":1,"column":15},"end":{"line":1,"column":21}},"type":"default-arg","locations":[{"start":{"line":1,"column":19},"end":{"line":1,"column":21}}],"line":1}},"s":{"0":1,"1":1},"f":{"0":1},"b":{"0":[0]},"_coverageSchema":"1a1c01bbd47fc00a2c39e90264f33305004495a9","hash":"c4b0f95779785b46484b4e1906ddf53a95e7defe"}
,"/home/davi/JavaScript/exercises/operations/multiply.js": {"path":"/home/davi/JavaScript/exercises/operations/multiply.js","statementMap":{"0":{"start":{"line":2,"column":4},"end":{"line":2,"column":14}},"1":{"start":{"line":5,"column":0},"end":{"line":5,"column":25}}},"fnMap":{"0":{"name":"multiply","decl":{"start":{"line":1,"column":9},"end":{"line":1,"column":17}},"loc":{"start":{"line":1,"column":27},"end":{"line":3,"column":1}},"line":1}},"branchMap":{"0":{"loc":{"start":{"line":1,"column":20},"end":{"line":1,"column":25}},"type":"default-arg","locations":[{"start":{"line":1,"column":24},"end":{"line":1,"column":25}}],"line":1}},"s":{"0":1,"1":1},"f":{"0":1},"b":{"0":[0]},"_coverageSchema":"1a1c01bbd47fc00a2c39e90264f33305004495a9","hash":"09d762fec676c9876ff6668efad74189f61c394f"}
,"/home/davi/JavaScript/exercises/operations/secondGrade.js": {"path":"/home/davi/JavaScript/exercises/operations/secondGrade.js","statementMap":{"0":{"start":{"line":2,"column":16},"end":{"line":2,"column":27}},"1":{"start":{"line":4,"column":13},"end":{"line":4,"column":40}},"2":{"start":{"line":5,"column":13},"end":{"line":5,"column":40}},"3":{"start":{"line":7,"column":4},"end":{"line":7,"column":25}},"4":{"start":{"line":10,"column":0},"end":{"line":10,"column":28}}},"fnMap":{"0":{"name":"secondGrade","decl":{"start":{"line":1,"column":9},"end":{"line":1,"column":20}},"loc":{"start":{"line":1,"column":38},"end":{"line":8,"column":1}},"line":1}},"branchMap":{"0":{"loc":{"start":{"line":1,"column":24},"end":{"line":1,"column":30}},"type":"default-arg","locations":[{"start":{"line":1,"column":28},"end":{"line":1,"column":30}}],"line":1},"1":{"loc":{"start":{"line":1,"column":32},"end":{"line":1,"column":37}},"type":"default-arg","locations":[{"start":{"line":1,"column":36},"end":{"line":1,"column":37}}],"line":1}},"s":{"0":1,"1":1,"2":1,"3":1,"4":1},"f":{"0":1},"b":{"0":[0],"1":[0]},"_coverageSchema":"1a1c01bbd47fc00a2c39e90264f33305004495a9","hash":"2c37337dda2061b3efe9e7236c086ead728bfd81"}
,"/home/davi/JavaScript/exercises/operations/subtract.js": {"path":"/home/davi/JavaScript/exercises/operations/subtract.js","statementMap":{"0":{"start":{"line":2,"column":4},"end":{"line":2,"column":14}},"1":{"start":{"line":5,"column":0},"end":{"line":5,"column":25}}},"fnMap":{"0":{"name":"subtract","decl":{"start":{"line":1,"column":9},"end":{"line":1,"column":17}},"loc":{"start":{"line":1,"column":26},"end":{"line":3,"column":1}},"line":1}},"branchMap":{"0":{"loc":{"start":{"line":1,"column":20},"end":{"line":1,"column":25}},"type":"default-arg","locations":[{"start":{"line":1,"column":24},"end":{"line":1,"column":25}}],"line":1}},"s":{"0":1,"1":1},"f":{"0":1},"b":{"0":[0]},"_coverageSchema":"1a1c01bbd47fc00a2c39e90264f33305004495a9","hash":"5e8940de2196b2ca7ce48a34f812ecb070d77859"}
,"/home/davi/JavaScript/exercises/operations/sum.js": {"path":"/home/davi/JavaScript/exercises/operations/sum.js","statementMap":{"0":{"start":{"line":2,"column":4},"end":{"line":2,"column":14}},"1":{"start":{"line":5,"column":0},"end":{"line":5,"column":20}}},"fnMap":{"0":{"name":"sum","decl":{"start":{"line":1,"column":9},"end":{"line":1,"column":12}},"loc":{"start":{"line":1,"column":21},"end":{"line":3,"column":1}},"line":1}},"branchMap":{"0":{"loc":{"start":{"line":1,"column":15},"end":{"line":1,"column":20}},"type":"default-arg","locations":[{"start":{"line":1,"column":19},"end":{"line":1,"column":20}}],"line":1}},"s":{"0":1,"1":1},"f":{"0":1},"b":{"0":[0]},"_coverageSchema":"1a1c01bbd47fc00a2c39e90264f33305004495a9","hash":"b49637467d07f913157a8d39db7f6f55c12fc19e"}
}
